2026-03-31 17:04:57 - FNN_Training - INFO - ============================================================
2026-03-31 17:04:57 - FNN_Training - INFO - 开始实验: activation_study_relu
2026-03-31 17:04:57 - FNN_Training - INFO - 配置文件: FNN_Regression_Diabetes\configs\exp_configs\activation_study\relu_activation.yaml
2026-03-31 17:04:57 - FNN_Training - INFO - 实验描述: Research activation function impact: Test ReLU activation with 2 hidden layers and learning rate 0.001.
2026-03-31 17:04:57 - FNN_Training - INFO - 输出目录: C:\Users\19441\Desktop\DL\FNN\FNN_Regression_Diabetes\experiments\activation_study_relu_20260331_170457
2026-03-31 17:04:57 - FNN_Training - INFO - ============================================================
2026-03-31 17:04:57 - FNN_Training - INFO - 随机种子: 42
2026-03-31 17:04:57 - FNN_Training - INFO - 加载数据...
2026-03-31 17:04:57 - FNN_Training - INFO - 构建模型...
2026-03-31 17:04:57 - FNN_Training - INFO - 模型架构:
2026-03-31 17:04:57 - FNN_Training - INFO -   隐藏层: [64, 32]
2026-03-31 17:04:57 - FNN_Training - INFO -   激活函数: relu
2026-03-31 17:04:57 - FNN_Training - INFO -   Dropout: 0.0
2026-03-31 17:04:57 - FNN_Training - INFO - 模型参数量: 2817
2026-03-31 17:04:57 - FNN_Training - INFO - 开始训练，共150个epoch
2026-03-31 17:04:57 - FNN_Training - INFO - 优化器: Adam, 学习率: 0.001
2026-03-31 17:04:57 - FNN_Training - INFO - Epoch [10/150] - Train Loss: 24191.761009, Val Loss: 19109.765625
2026-03-31 17:04:57 - FNN_Training - INFO - Epoch [20/150] - Train Loss: 6182.288397, Val Loss: 4524.058105
2026-03-31 17:04:57 - FNN_Training - INFO - Epoch [30/150] - Train Loss: 4163.627597, Val Loss: 3916.970703
2026-03-31 17:04:57 - FNN_Training - INFO - Epoch [40/150] - Train Loss: 3575.467241, Val Loss: 3442.924744
2026-03-31 17:04:57 - FNN_Training - INFO - Epoch [50/150] - Train Loss: 3252.700306, Val Loss: 3099.166870
2026-03-31 17:04:57 - FNN_Training - INFO - Epoch [60/150] - Train Loss: 3063.033236, Val Loss: 2934.183105
2026-03-31 17:04:57 - FNN_Training - INFO - Epoch [70/150] - Train Loss: 2947.619340, Val Loss: 2834.407288
2026-03-31 17:04:57 - FNN_Training - INFO - Epoch [80/150] - Train Loss: 2876.821256, Val Loss: 2769.745667
2026-03-31 17:04:58 - FNN_Training - INFO - Epoch [90/150] - Train Loss: 2818.637251, Val Loss: 2694.973267
2026-03-31 17:04:58 - FNN_Training - INFO - Epoch [100/150] - Train Loss: 2778.284568, Val Loss: 2625.329224
2026-03-31 17:04:58 - FNN_Training - INFO - Epoch [110/150] - Train Loss: 2745.361561, Val Loss: 2623.076233
2026-03-31 17:04:58 - FNN_Training - INFO - Epoch [120/150] - Train Loss: 2719.057384, Val Loss: 2569.702393
2026-03-31 17:04:58 - FNN_Training - INFO - Epoch [130/150] - Train Loss: 2697.311346, Val Loss: 2549.028137
2026-03-31 17:04:58 - FNN_Training - INFO - Epoch [140/150] - Train Loss: 2685.869318, Val Loss: 2511.721802
2026-03-31 17:04:58 - FNN_Training - INFO - Epoch [150/150] - Train Loss: 2665.853116, Val Loss: 2553.396118
2026-03-31 17:04:58 - FNN_Training - INFO - 训练完成！
2026-03-31 17:04:58 - FNN_Training - INFO - 测试集评估 - MSE: 2734.839355, RMSE: 52.295692
2026-03-31 17:04:58 - FNN_Training - INFO - 保存模型到 C:\Users\19441\Desktop\DL\FNN\FNN_Regression_Diabetes\experiments\activation_study_relu_20260331_170457\models\best_model.pt
2026-03-31 17:04:58 - FNN_Training - INFO - 保存指标到 C:\Users\19441\Desktop\DL\FNN\FNN_Regression_Diabetes\experiments\activation_study_relu_20260331_170457\metrics.json
2026-03-31 17:04:59 - FNN_Training - INFO - 保存图表到 C:\Users\19441\Desktop\DL\FNN\FNN_Regression_Diabetes\experiments\activation_study_relu_20260331_170457\figures\training_history.png
2026-03-31 17:04:59 - FNN_Training - INFO - ============================================================
2026-03-31 17:04:59 - FNN_Training - INFO - 实验 'activation_study_relu' 完成！
2026-03-31 17:04:59 - FNN_Training - INFO - 最佳验证损失: 2511.721802
2026-03-31 17:04:59 - FNN_Training - INFO - 测试集RMSE: 52.295692
2026-03-31 17:04:59 - FNN_Training - INFO - ============================================================
