2026-03-31 16:43:35 - FNN_Training - INFO - ============================================================
2026-03-31 16:43:35 - FNN_Training - INFO - 开始实验: depth_study_deep_3_layers
2026-03-31 16:43:35 - FNN_Training - INFO - 配置文件: C:\Users\19441\Desktop\DL\FNN\FNN_Regression_Diabetes\configs\exp_configs\depth_study\deep_network.yaml
2026-03-31 16:43:35 - FNN_Training - INFO - 实验描述: 研究网络深度的影响：测试一个包含三个隐藏层的深度网络。
2026-03-31 16:43:35 - FNN_Training - INFO - 输出目录: C:\Users\19441\Desktop\DL\FNN\FNN_Regression_Diabetes\experiments\depth_study_deep_3_layers_20260331_164335
2026-03-31 16:43:35 - FNN_Training - INFO - ============================================================
2026-03-31 16:43:35 - FNN_Training - INFO - 随机种子: 42
2026-03-31 16:43:35 - FNN_Training - INFO - 加载数据...
2026-03-31 16:43:35 - FNN_Training - INFO - 构建模型...
2026-03-31 16:43:35 - FNN_Training - INFO - 模型架构:
2026-03-31 16:43:35 - FNN_Training - INFO -   隐藏层: [128, 64, 32]
2026-03-31 16:43:35 - FNN_Training - INFO -   激活函数: relu
2026-03-31 16:43:35 - FNN_Training - INFO -   Dropout: 0.0
2026-03-31 16:43:35 - FNN_Training - INFO - 模型参数量: 11777
2026-03-31 16:43:35 - FNN_Training - INFO - 开始训练，共150个epoch
2026-03-31 16:43:35 - FNN_Training - INFO - 优化器: Adam, 学习率: 0.001
2026-03-31 16:43:35 - FNN_Training - INFO - Epoch [10/150] - Train Loss: 4774.045543, Val Loss: 4616.201660
2026-03-31 16:43:35 - FNN_Training - INFO - Epoch [20/150] - Train Loss: 3240.572177, Val Loss: 3242.574829
2026-03-31 16:43:36 - FNN_Training - INFO - Epoch [30/150] - Train Loss: 3037.764182, Val Loss: 2840.036072
2026-03-31 16:43:36 - FNN_Training - INFO - Epoch [40/150] - Train Loss: 2864.276978, Val Loss: 2835.973755
2026-03-31 16:43:36 - FNN_Training - INFO - Epoch [50/150] - Train Loss: 2767.992987, Val Loss: 2650.945862
2026-03-31 16:43:36 - FNN_Training - INFO - Epoch [60/150] - Train Loss: 2703.943681, Val Loss: 2582.567688
2026-03-31 16:43:36 - FNN_Training - INFO - Epoch [70/150] - Train Loss: 2647.589511, Val Loss: 2539.349854
2026-03-31 16:43:36 - FNN_Training - INFO - Epoch [80/150] - Train Loss: 2630.012385, Val Loss: 2550.899475
2026-03-31 16:43:36 - FNN_Training - INFO - Epoch [90/150] - Train Loss: 2568.571400, Val Loss: 2518.634644
2026-03-31 16:43:36 - FNN_Training - INFO - Epoch [100/150] - Train Loss: 2523.793845, Val Loss: 2460.050171
2026-03-31 16:43:37 - FNN_Training - INFO - Epoch [110/150] - Train Loss: 2476.712946, Val Loss: 2502.158691
2026-03-31 16:43:37 - FNN_Training - INFO - Epoch [120/150] - Train Loss: 2438.812311, Val Loss: 2456.503967
2026-03-31 16:43:37 - FNN_Training - INFO - Epoch [130/150] - Train Loss: 2429.616777, Val Loss: 2470.582520
2026-03-31 16:43:37 - FNN_Training - INFO - Epoch [140/150] - Train Loss: 2359.299350, Val Loss: 2402.411255
2026-03-31 16:43:37 - FNN_Training - INFO - Epoch [150/150] - Train Loss: 2327.302901, Val Loss: 2406.693970
2026-03-31 16:43:37 - FNN_Training - INFO - 训练完成！
2026-03-31 16:43:37 - FNN_Training - INFO - 测试集评估 - MSE: 2620.749023, RMSE: 51.193253
2026-03-31 16:43:37 - FNN_Training - INFO - 保存模型到 C:\Users\19441\Desktop\DL\FNN\FNN_Regression_Diabetes\experiments\depth_study_deep_3_layers_20260331_164335\models\best_model.pt
2026-03-31 16:43:37 - FNN_Training - INFO - 保存指标到 C:\Users\19441\Desktop\DL\FNN\FNN_Regression_Diabetes\experiments\depth_study_deep_3_layers_20260331_164335\metrics.json
2026-03-31 16:43:38 - FNN_Training - INFO - 保存图表到 C:\Users\19441\Desktop\DL\FNN\FNN_Regression_Diabetes\experiments\depth_study_deep_3_layers_20260331_164335\figures\training_history.png
2026-03-31 16:43:38 - FNN_Training - INFO - ============================================================
2026-03-31 16:43:38 - FNN_Training - INFO - 实验 'depth_study_deep_3_layers' 完成！
2026-03-31 16:43:38 - FNN_Training - INFO - 最佳验证损失: 2339.285950
2026-03-31 16:43:38 - FNN_Training - INFO - 测试集RMSE: 51.193253
2026-03-31 16:43:38 - FNN_Training - INFO - ============================================================
