2026-03-31 17:04:54 - FNN_Training - INFO - ============================================================
2026-03-31 17:04:54 - FNN_Training - INFO - 开始实验: activation_study_leaky_relu
2026-03-31 17:04:54 - FNN_Training - INFO - 配置文件: FNN_Regression_Diabetes\configs\exp_configs\activation_study\leaky_relu_activation.yaml
2026-03-31 17:04:54 - FNN_Training - INFO - 实验描述: Research activation function impact: Test LeakyReLU activation with 2 hidden layers and learning rate 0.001.
2026-03-31 17:04:54 - FNN_Training - INFO - 输出目录: C:\Users\19441\Desktop\DL\FNN\FNN_Regression_Diabetes\experiments\activation_study_leaky_relu_20260331_170454
2026-03-31 17:04:54 - FNN_Training - INFO - ============================================================
2026-03-31 17:04:54 - FNN_Training - INFO - 随机种子: 42
2026-03-31 17:04:54 - FNN_Training - INFO - 加载数据...
2026-03-31 17:04:54 - FNN_Training - INFO - 构建模型...
2026-03-31 17:04:54 - FNN_Training - INFO - 模型架构:
2026-03-31 17:04:54 - FNN_Training - INFO -   隐藏层: [64, 32]
2026-03-31 17:04:54 - FNN_Training - INFO -   激活函数: leaky_relu
2026-03-31 17:04:54 - FNN_Training - INFO -   Dropout: 0.0
2026-03-31 17:04:54 - FNN_Training - INFO - 模型参数量: 2817
2026-03-31 17:04:54 - FNN_Training - INFO - 开始训练，共150个epoch
2026-03-31 17:04:54 - FNN_Training - INFO - 优化器: Adam, 学习率: 0.001
2026-03-31 17:04:55 - FNN_Training - INFO - Epoch [10/150] - Train Loss: 24353.908026, Val Loss: 19294.489258
2026-03-31 17:04:55 - FNN_Training - INFO - Epoch [20/150] - Train Loss: 6443.312833, Val Loss: 4594.005493
2026-03-31 17:04:55 - FNN_Training - INFO - Epoch [30/150] - Train Loss: 4215.231689, Val Loss: 3945.457397
2026-03-31 17:04:55 - FNN_Training - INFO - Epoch [40/150] - Train Loss: 3614.578547, Val Loss: 3469.879211
2026-03-31 17:04:55 - FNN_Training - INFO - Epoch [50/150] - Train Loss: 3277.624512, Val Loss: 3119.470093
2026-03-31 17:04:55 - FNN_Training - INFO - Epoch [60/150] - Train Loss: 3077.006392, Val Loss: 2954.248230
2026-03-31 17:04:55 - FNN_Training - INFO - Epoch [70/150] - Train Loss: 2958.358210, Val Loss: 2846.210327
2026-03-31 17:04:55 - FNN_Training - INFO - Epoch [80/150] - Train Loss: 2883.731035, Val Loss: 2781.328857
2026-03-31 17:04:55 - FNN_Training - INFO - Epoch [90/150] - Train Loss: 2824.394387, Val Loss: 2704.935181
2026-03-31 17:04:56 - FNN_Training - INFO - Epoch [100/150] - Train Loss: 2784.064786, Val Loss: 2631.008179
2026-03-31 17:04:56 - FNN_Training - INFO - Epoch [110/150] - Train Loss: 2750.956709, Val Loss: 2624.089722
2026-03-31 17:04:56 - FNN_Training - INFO - Epoch [120/150] - Train Loss: 2724.362516, Val Loss: 2569.471802
2026-03-31 17:04:56 - FNN_Training - INFO - Epoch [130/150] - Train Loss: 2702.671098, Val Loss: 2545.352051
2026-03-31 17:04:56 - FNN_Training - INFO - Epoch [140/150] - Train Loss: 2690.276545, Val Loss: 2508.187256
2026-03-31 17:04:56 - FNN_Training - INFO - Epoch [150/150] - Train Loss: 2670.793080, Val Loss: 2550.044128
2026-03-31 17:04:56 - FNN_Training - INFO - 训练完成！
2026-03-31 17:04:56 - FNN_Training - INFO - 测试集评估 - MSE: 2749.485840, RMSE: 52.435539
2026-03-31 17:04:56 - FNN_Training - INFO - 保存模型到 C:\Users\19441\Desktop\DL\FNN\FNN_Regression_Diabetes\experiments\activation_study_leaky_relu_20260331_170454\models\best_model.pt
2026-03-31 17:04:56 - FNN_Training - INFO - 保存指标到 C:\Users\19441\Desktop\DL\FNN\FNN_Regression_Diabetes\experiments\activation_study_leaky_relu_20260331_170454\metrics.json
2026-03-31 17:04:57 - FNN_Training - INFO - 保存图表到 C:\Users\19441\Desktop\DL\FNN\FNN_Regression_Diabetes\experiments\activation_study_leaky_relu_20260331_170454\figures\training_history.png
2026-03-31 17:04:57 - FNN_Training - INFO - ============================================================
2026-03-31 17:04:57 - FNN_Training - INFO - 实验 'activation_study_leaky_relu' 完成！
2026-03-31 17:04:57 - FNN_Training - INFO - 最佳验证损失: 2508.187256
2026-03-31 17:04:57 - FNN_Training - INFO - 测试集RMSE: 52.435539
2026-03-31 17:04:57 - FNN_Training - INFO - ============================================================
